<?xml version="1.0" encoding="UTF-8"?>
<testng-results ignored="0" total="1" passed="1" failed="0" skipped="0">
  <reporter-output>
  </reporter-output>
  <suite started-at="2024-06-04T09:41:27 IST" name="Default suite" finished-at="2024-06-04T09:41:28 IST" duration-ms="1613">
    <groups>
    </groups>
    <test started-at="2024-06-04T09:41:27 IST" name="Default test" finished-at="2024-06-04T09:41:28 IST" duration-ms="1613">
      <class name="extentreports.ToLearnExtentReports">
        <test-method signature="report()[pri:0, instance:extentreports.ToLearnExtentReports@54c5a2ff]" started-at="2024-06-04T09:41:27 IST" name="report" finished-at="2024-06-04T09:41:28 IST" duration-ms="1497" status="PASS">
          <reporter-output>
          </reporter-output>
        </test-method> <!-- report -->
      </class> <!-- extentreports.ToLearnExtentReports -->
    </test> <!-- Default test -->
  </suite> <!-- Default suite -->
</testng-results>
